<?xml version="1.0" encoding="UTF-8"?>
<robot generator="Robot 4.1.3 (Python 3.10.1 on win32)" generated="20221011 08:47:59.070" rpa="false" schemaversion="2">
<suite id="s1" name="NGG-TC-180,181DiningLocationAdd,Delete" source="C:\Users\Alejandro\Desktop\identifiers\NGG-TC-180,181DiningLocationAdd,Delete.robot">
<kw name="web setup" library="Keywords" type="SETUP">
<kw name="Open Browser" library="SeleniumLibrary">
<arg>${website}</arg>
<arg>${browser}</arg>
<doc>Opens a new browser instance to the optional ``url``.</doc>
<msg timestamp="20221011 08:47:59.259" level="INFO">Opening browser 'gc' to base url 'http://dev.www.engage360.evacompute.com:8080/'.</msg>
<status status="PASS" starttime="20221011 08:47:59.259" endtime="20221011 08:48:04.318"/>
</kw>
<kw name="Maximize Browser Window" library="SeleniumLibrary">
<doc>Maximizes current browser window.</doc>
<status status="PASS" starttime="20221011 08:48:04.318" endtime="20221011 08:48:05.982"/>
</kw>
<kw name="Set Selenium Implicit Wait" library="SeleniumLibrary">
<arg>20 s</arg>
<doc>Sets the implicit wait value used by Selenium.</doc>
<status status="PASS" starttime="20221011 08:48:05.983" endtime="20221011 08:48:05.985"/>
</kw>
<kw name="Wait Until Element Is Visible" library="SeleniumLibrary">
<arg>css=#kc-header</arg>
<doc>Waits until the element ``locator`` is visible.</doc>
<status status="PASS" starttime="20221011 08:48:05.985" endtime="20221011 08:48:06.008"/>
</kw>
<kw name="Title Should Be" library="SeleniumLibrary">
<arg>Log in to ENGAGE360</arg>
<doc>Verifies that the current page title equals ``title``.</doc>
<msg timestamp="20221011 08:48:06.012" level="INFO">Page title is 'Log in to ENGAGE360'.</msg>
<status status="PASS" starttime="20221011 08:48:06.008" endtime="20221011 08:48:06.012"/>
</kw>
<kw name="Wait Until Element Is Visible" library="SeleniumLibrary">
<arg>id=username</arg>
<doc>Waits until the element ``locator`` is visible.</doc>
<status status="PASS" starttime="20221011 08:48:06.012" endtime="20221011 08:48:06.030"/>
</kw>
<kw name="Click Element" library="SeleniumLibrary">
<arg>id=username</arg>
<doc>Click the element identified by ``locator``.</doc>
<msg timestamp="20221011 08:48:06.030" level="INFO">Clicking element 'id=username'.</msg>
<status status="PASS" starttime="20221011 08:48:06.030" endtime="20221011 08:48:06.062"/>
</kw>
<kw name="Input Text" library="SeleniumLibrary">
<arg>id=username</arg>
<arg>${Email}</arg>
<doc>Types the given ``text`` into the text field identified by ``locator``.</doc>
<msg timestamp="20221011 08:48:06.062" level="INFO">Typing text 'superUser' into text field 'id=username'.</msg>
<status status="PASS" starttime="20221011 08:48:06.062" endtime="20221011 08:48:06.105"/>
</kw>
<kw name="Click Element" library="SeleniumLibrary">
<arg>id=password</arg>
<doc>Click the element identified by ``locator``.</doc>
<msg timestamp="20221011 08:48:06.105" level="INFO">Clicking element 'id=password'.</msg>
<status status="PASS" starttime="20221011 08:48:06.105" endtime="20221011 08:48:06.144"/>
</kw>
<kw name="Input Text" library="SeleniumLibrary">
<arg>id=password</arg>
<arg>${Password}</arg>
<doc>Types the given ``text`` into the text field identified by ``locator``.</doc>
<msg timestamp="20221011 08:48:06.145" level="INFO">Typing text 'SuperAdmin1@' into text field 'id=password'.</msg>
<status status="PASS" starttime="20221011 08:48:06.145" endtime="20221011 08:48:06.200"/>
</kw>
<kw name="Click Button" library="SeleniumLibrary">
<arg>name=login</arg>
<doc>Clicks the button identified by ``locator``.</doc>
<msg timestamp="20221011 08:48:06.200" level="INFO">Clicking button 'name=login'.</msg>
<status status="PASS" starttime="20221011 08:48:06.200" endtime="20221011 08:48:07.859"/>
</kw>
<status status="PASS" starttime="20221011 08:47:59.258" endtime="20221011 08:48:07.859"/>
</kw>
<test id="s1-t1" name="NGG-TC-180 Dining Locations - Add">
<kw name="Click Element" library="SeleniumLibrary">
<arg>${Community}</arg>
<doc>Click the element identified by ``locator``.</doc>
<msg timestamp="20221011 08:48:07.860" level="INFO">Clicking element 'SuperUserCombo'.</msg>
<status status="PASS" starttime="20221011 08:48:07.860" endtime="20221011 08:48:09.946"/>
</kw>
<kw name="Drag And Drop" library="SeleniumLibrary">
<arg>${Waterford}</arg>
<arg>${Community}</arg>
<doc>Drags the element identified by ``locator`` into the ``target`` element.</doc>
<status status="PASS" starttime="20221011 08:48:09.948" endtime="20221011 08:48:10.617"/>
</kw>
<kw name="Click Element" library="SeleniumLibrary">
<arg>${Waterford}</arg>
<doc>Click the element identified by ``locator``.</doc>
<msg timestamp="20221011 08:48:10.618" level="INFO">Clicking element 'SuperUserCombo-option-30'.</msg>
<status status="PASS" starttime="20221011 08:48:10.618" endtime="20221011 08:48:10.671"/>
</kw>
<kw name="Click Element" library="SeleniumLibrary">
<arg>${Community}</arg>
<doc>Click the element identified by ``locator``.</doc>
<msg timestamp="20221011 08:48:10.672" level="INFO">Clicking element 'SuperUserCombo'.</msg>
<status status="PASS" starttime="20221011 08:48:10.672" endtime="20221011 08:48:10.729"/>
</kw>
<kw name="Drag And Drop" library="SeleniumLibrary">
<arg>${Waterford}</arg>
<arg>${Community}</arg>
<doc>Drags the element identified by ``locator`` into the ``target`` element.</doc>
<status status="PASS" starttime="20221011 08:48:10.730" endtime="20221011 08:48:11.357"/>
</kw>
<kw name="Click Element" library="SeleniumLibrary">
<arg>${Waterford}</arg>
<doc>Click the element identified by ``locator``.</doc>
<msg timestamp="20221011 08:48:11.360" level="INFO">Clicking element 'SuperUserCombo-option-30'.</msg>
<status status="PASS" starttime="20221011 08:48:11.358" endtime="20221011 08:48:11.416"/>
</kw>
<kw name="Execute Javascript" library="SeleniumLibrary">
<arg>${Dinning}</arg>
<doc>Executes the given JavaScript code with possible arguments.</doc>
<msg timestamp="20221011 08:48:11.417" level="INFO">Executing JavaScript:
document.getElementById('SideNav_Menu_Dinning').click()
Without any arguments.</msg>
<status status="PASS" starttime="20221011 08:48:11.416" endtime="20221011 08:48:11.575"/>
</kw>
<kw name="Scroll Element Into View" library="SeleniumLibrary">
<arg>${Community}</arg>
<doc>Scrolls the element identified by ``locator`` into view.</doc>
<status status="PASS" starttime="20221011 08:48:11.576" endtime="20221011 08:48:12.248"/>
</kw>
<kw name="Wait Until Element Is Visible" library="SeleniumLibrary">
<arg>${Community}</arg>
<doc>Waits until the element ``locator`` is visible.</doc>
<status status="PASS" starttime="20221011 08:48:12.249" endtime="20221011 08:48:12.396"/>
</kw>
<kw name="Mouse Down" library="SeleniumLibrary">
<arg>${Community}</arg>
<doc>Simulates pressing the left mouse button on the element ``locator``.</doc>
<msg timestamp="20221011 08:48:12.397" level="INFO">Simulating Mouse Down on element 'SuperUserCombo'.</msg>
<status status="PASS" starttime="20221011 08:48:12.396" endtime="20221011 08:48:12.681"/>
</kw>
<kw name="Click Element" library="SeleniumLibrary">
<arg>${Dining Locations}</arg>
<doc>Click the element identified by ``locator``.</doc>
<msg timestamp="20221011 08:48:12.682" level="INFO">Clicking element '//span[contains(text(),'Dining Locations')]'.</msg>
<status status="PASS" starttime="20221011 08:48:12.681" endtime="20221011 08:48:12.798"/>
</kw>
<kw name="Scroll Element Into View" library="SeleniumLibrary">
<arg>${Community}</arg>
<doc>Scrolls the element identified by ``locator`` into view.</doc>
<status status="PASS" starttime="20221011 08:48:12.799" endtime="20221011 08:48:13.097"/>
</kw>
<kw name="Wait Until Element Is Visible" library="SeleniumLibrary">
<arg>${Community}</arg>
<doc>Waits until the element ``locator`` is visible.</doc>
<status status="PASS" starttime="20221011 08:48:13.097" endtime="20221011 08:48:13.109"/>
</kw>
<kw name="Mouse Down" library="SeleniumLibrary">
<arg>${Community}</arg>
<doc>Simulates pressing the left mouse button on the element ``locator``.</doc>
<msg timestamp="20221011 08:48:13.110" level="INFO">Simulating Mouse Down on element 'SuperUserCombo'.</msg>
<status status="PASS" starttime="20221011 08:48:13.109" endtime="20221011 08:48:13.382"/>
</kw>
<kw name="Wait Until Element Is Visible" library="SeleniumLibrary">
<arg>${Add Dining Location}</arg>
<doc>Waits until the element ``locator`` is visible.</doc>
<status status="PASS" starttime="20221011 08:48:13.383" endtime="20221011 08:48:13.401"/>
</kw>
<kw name="Click Element" library="SeleniumLibrary">
<arg>${Add Dining Location}</arg>
<doc>Click the element identified by ``locator``.</doc>
<msg timestamp="20221011 08:48:13.402" level="INFO">Clicking element 'id=add_dining_location_btn'.</msg>
<status status="PASS" starttime="20221011 08:48:13.401" endtime="20221011 08:48:13.490"/>
</kw>
<kw name="Click Element" library="SeleniumLibrary">
<arg>${LocationName}</arg>
<doc>Click the element identified by ``locator``.</doc>
<msg timestamp="20221011 08:48:13.490" level="INFO">Clicking element 'id=Dining_location_name'.</msg>
<status status="PASS" starttime="20221011 08:48:13.490" endtime="20221011 08:48:13.534"/>
</kw>
<kw name="Input Text" library="SeleniumLibrary">
<arg>${LocationName}</arg>
<arg>Dinning Room</arg>
<doc>Types the given ``text`` into the text field identified by ``locator``.</doc>
<msg timestamp="20221011 08:48:13.534" level="INFO">Typing text 'Dinning Room' into text field 'id=Dining_location_name'.</msg>
<status status="PASS" starttime="20221011 08:48:13.534" endtime="20221011 08:48:13.671"/>
</kw>
<kw name="Scroll Element Into View" library="SeleniumLibrary">
<arg>${Icon, Cancel}</arg>
<doc>Scrolls the element identified by ``locator`` into view.</doc>
<status status="PASS" starttime="20221011 08:48:13.671" endtime="20221011 08:48:13.958"/>
</kw>
<kw name="Click Element" library="SeleniumLibrary">
<arg>${Icon, Cancel}</arg>
<doc>Click the element identified by ``locator``.</doc>
<msg timestamp="20221011 08:48:13.959" level="INFO">Clicking element 'id=Categories_cancel_btn'.</msg>
<status status="PASS" starttime="20221011 08:48:13.959" endtime="20221011 08:48:14.053"/>
</kw>
<kw name="Wait Until Element Is Visible" library="SeleniumLibrary">
<arg>${Add Dining Location}</arg>
<doc>Waits until the element ``locator`` is visible.</doc>
<status status="PASS" starttime="20221011 08:48:14.053" endtime="20221011 08:48:14.072"/>
</kw>
<kw name="Click Element" library="SeleniumLibrary">
<arg>${Add Dining Location}</arg>
<doc>Click the element identified by ``locator``.</doc>
<msg timestamp="20221011 08:48:14.073" level="INFO">Clicking element 'id=add_dining_location_btn'.</msg>
<status status="PASS" starttime="20221011 08:48:14.072" endtime="20221011 08:48:14.130"/>
</kw>
<kw name="Click Element" library="SeleniumLibrary">
<arg>${LocationName}</arg>
<doc>Click the element identified by ``locator``.</doc>
<msg timestamp="20221011 08:48:14.131" level="INFO">Clicking element 'id=Dining_location_name'.</msg>
<status status="PASS" starttime="20221011 08:48:14.131" endtime="20221011 08:48:14.165"/>
</kw>
<kw name="Input Text" library="SeleniumLibrary">
<arg>${LocationName}</arg>
<arg>Dinning Room</arg>
<doc>Types the given ``text`` into the text field identified by ``locator``.</doc>
<msg timestamp="20221011 08:48:14.165" level="INFO">Typing text 'Dinning Room' into text field 'id=Dining_location_name'.</msg>
<status status="PASS" starttime="20221011 08:48:14.165" endtime="20221011 08:48:14.320"/>
</kw>
<kw name="Scroll Element Into View" library="SeleniumLibrary">
<arg>${SaveBtn}</arg>
<doc>Scrolls the element identified by ``locator`` into view.</doc>
<status status="PASS" starttime="20221011 08:48:14.321" endtime="20221011 08:48:14.628"/>
</kw>
<kw name="Click Element" library="SeleniumLibrary">
<arg>${SaveBtn}</arg>
<doc>Click the element identified by ``locator``.</doc>
<msg timestamp="20221011 08:48:14.629" level="INFO">Clicking element 'id=Categories_save_btn'.</msg>
<status status="PASS" starttime="20221011 08:48:14.629" endtime="20221011 08:48:14.752"/>
</kw>
<kw name="Reload Page" library="SeleniumLibrary">
<doc>Simulates user reloading page.</doc>
<status status="PASS" starttime="20221011 08:48:14.754" endtime="20221011 08:48:15.616"/>
</kw>
<tag>Case 1</tag>
<tag>Validation Test</tag>
<status status="PASS" starttime="20221011 08:48:07.859" endtime="20221011 08:48:15.617"/>
</test>
<test id="s1-t2" name="NGG-TC-180 Dining Locations - Delete">
<kw name="Click Element" library="SeleniumLibrary">
<arg>${Dining Locations}</arg>
<doc>Click the element identified by ``locator``.</doc>
<msg timestamp="20221011 08:48:15.618" level="INFO">Clicking element '//span[contains(text(),'Dining Locations')]'.</msg>
<status status="PASS" starttime="20221011 08:48:15.618" endtime="20221011 08:48:18.029"/>
</kw>
<kw name="Execute Javascript" library="SeleniumLibrary">
<arg>${Icon, Delete}</arg>
<doc>Executes the given JavaScript code with possible arguments.</doc>
<msg timestamp="20221011 08:48:18.030" level="INFO">Executing JavaScript:
document.getElementsByClassName('MuiButtonBase-root MuiIconButton-root')[8].click()
Without any arguments.</msg>
<status status="PASS" starttime="20221011 08:48:18.030" endtime="20221011 08:48:18.066"/>
</kw>
<kw name="Sleep" library="BuiltIn">
<arg>1</arg>
<doc>Pauses the test executed for the given time.</doc>
<msg timestamp="20221011 08:48:19.072" level="INFO">Slept 1 second</msg>
<status status="PASS" starttime="20221011 08:48:18.066" endtime="20221011 08:48:19.072"/>
</kw>
<kw name="Scroll Element Into View" library="SeleniumLibrary">
<arg>${No, Exit}</arg>
<doc>Scrolls the element identified by ``locator`` into view.</doc>
<status status="PASS" starttime="20221011 08:48:19.072" endtime="20221011 08:48:19.350"/>
</kw>
<kw name="Click Element" library="SeleniumLibrary">
<arg>${No, Exit}</arg>
<doc>Click the element identified by ``locator``.</doc>
<msg timestamp="20221011 08:48:19.351" level="INFO">Clicking element 'id=cancel_repair_return_btn'.</msg>
<status status="PASS" starttime="20221011 08:48:19.350" endtime="20221011 08:48:19.382"/>
</kw>
<kw name="Execute Javascript" library="SeleniumLibrary">
<arg>${Icon, Delete}</arg>
<doc>Executes the given JavaScript code with possible arguments.</doc>
<msg timestamp="20221011 08:48:19.386" level="INFO">Executing JavaScript:
document.getElementsByClassName('MuiButtonBase-root MuiIconButton-root')[8].click()
Without any arguments.</msg>
<status status="PASS" starttime="20221011 08:48:19.384" endtime="20221011 08:48:19.416"/>
</kw>
<kw name="Sleep" library="BuiltIn">
<arg>1</arg>
<doc>Pauses the test executed for the given time.</doc>
<msg timestamp="20221011 08:48:20.427" level="INFO">Slept 1 second</msg>
<status status="PASS" starttime="20221011 08:48:19.416" endtime="20221011 08:48:20.427"/>
</kw>
<kw name="Click Element" library="SeleniumLibrary">
<arg>${Yes, Delete}</arg>
<doc>Click the element identified by ``locator``.</doc>
<msg timestamp="20221011 08:48:20.427" level="INFO">Clicking element 'id=cancel_repair_cancel_btn'.</msg>
<status status="PASS" starttime="20221011 08:48:20.427" endtime="20221011 08:48:20.509"/>
</kw>
<tag>Case 2</tag>
<tag>Validation Test</tag>
<status status="PASS" starttime="20221011 08:48:15.617" endtime="20221011 08:48:20.510"/>
</test>
<doc>CMS-Engage360 Community Waterford</doc>
<status status="PASS" starttime="20221011 08:47:59.072" endtime="20221011 08:48:20.514"/>
</suite>
<statistics>
<total>
<stat pass="2" fail="0" skip="0">All Tests</stat>
</total>
<tag>
<stat pass="1" fail="0" skip="0">Case 1</stat>
<stat pass="1" fail="0" skip="0">Case 2</stat>
<stat pass="2" fail="0" skip="0">Validation Test</stat>
</tag>
<suite>
<stat pass="2" fail="0" skip="0" id="s1" name="NGG-TC-180,181DiningLocationAdd,Delete">NGG-TC-180,181DiningLocationAdd,Delete</stat>
</suite>
</statistics>
<errors>
</errors>
</robot>
